-------------------------------------------------------------------------------
Test set: TestSuite
-------------------------------------------------------------------------------
Tests run: 13, Failures: 13, Errors: 0, Skipped: 0, Time elapsed: 41.286 sec <<< FAILURE!
testLoginAdmin(pages.LoginAdmin.TestLoginAdmin)  Time elapsed: 4.44 sec  <<< FAILURE!
org.testng.TestNGException: 
Method public void pages.LoginAdmin.TestLoginAdmin.testLoginAdmin(java.lang.String,java.lang.String) throws java.lang.InterruptedException requires a @DataProvider named : loginData
	at org.testng.internal.Parameters.findDataProvider(Parameters.java:336)
	at org.testng.internal.Parameters.handleParameters(Parameters.java:498)
	at org.testng.internal.Invoker.handleParameters(Invoker.java:1293)
	at org.testng.internal.Invoker.createParameters(Invoker.java:1020)
	at org.testng.internal.Invoker.invokeTestMethods(Invoker.java:1110)
	at org.testng.internal.TestMethodWorker.invokeTestMethods(TestMethodWorker.java:129)
	at org.testng.internal.TestMethodWorker.run(TestMethodWorker.java:112)
	at org.testng.TestRunner.privateRun(TestRunner.java:756)
	at org.testng.TestRunner.run(TestRunner.java:610)
	at org.testng.SuiteRunner.runTest(SuiteRunner.java:387)
	at org.testng.SuiteRunner.runSequentially(SuiteRunner.java:382)
	at org.testng.SuiteRunner.privateRun(SuiteRunner.java:340)
	at org.testng.SuiteRunner.run(SuiteRunner.java:289)
	at org.testng.SuiteRunnerWorker.runSuite(SuiteRunnerWorker.java:52)
	at org.testng.SuiteRunnerWorker.run(SuiteRunnerWorker.java:86)
	at org.testng.TestNG.runSuitesSequentially(TestNG.java:1293)
	at org.testng.TestNG.runSuitesLocally(TestNG.java:1218)
	at org.testng.TestNG.runSuites(TestNG.java:1133)
	at org.testng.TestNG.run(TestNG.java:1104)
	at org.apache.maven.surefire.testng.TestNGExecutor.run(TestNGExecutor.java:77)
	at org.apache.maven.surefire.testng.TestNGDirectoryTestSuite.executeMulti(TestNGDirectoryTestSuite.java:159)
	at org.apache.maven.surefire.testng.TestNGDirectoryTestSuite.execute(TestNGDirectoryTestSuite.java:99)
	at org.apache.maven.surefire.testng.TestNGProvider.invoke(TestNGProvider.java:106)
	at sun.reflect.NativeMethodAccessorImpl.invoke0(Native Method)
	at sun.reflect.NativeMethodAccessorImpl.invoke(NativeMethodAccessorImpl.java:62)
	at sun.reflect.DelegatingMethodAccessorImpl.invoke(DelegatingMethodAccessorImpl.java:43)
	at java.lang.reflect.Method.invoke(Method.java:498)
	at org.apache.maven.surefire.util.ReflectionUtils.invokeMethodWithArray(ReflectionUtils.java:189)
	at org.apache.maven.surefire.booter.ProviderFactory$ProviderProxy.invoke(ProviderFactory.java:165)
	at org.apache.maven.surefire.booter.ProviderFactory.invokeProvider(ProviderFactory.java:85)
	at org.apache.maven.surefire.booter.ForkedBooter.runSuitesInProcess(ForkedBooter.java:115)
	at org.apache.maven.surefire.booter.ForkedBooter.main(ForkedBooter.java:75)

testNavigateToMarketingAndSalesService(pages.AdminMainMenu.TestAdminMenu)  Time elapsed: 3.046 sec  <<< FAILURE!
java.lang.NullPointerException
	at com.test.NIMS.pages.AdminMainMenuPage.navigateToMarketingAndSales(AdminMainMenuPage.java:41)
	at pages.AdminMainMenu.TestAdminMenu.testNavigateToMarketingAndSalesService(TestAdminMenu.java:14)

testClickOnCRMRefNr(pages.AdminMainMenu.TestAdminMenu)  Time elapsed: 3.015 sec  <<< FAILURE!
java.lang.NullPointerException
	at com.test.NIMS.pages.AdminMainMenuPage.clickOnCRFLink(AdminMainMenuPage.java:68)
	at pages.AdminMainMenu.TestAdminMenu.testClickOnCRMRefNr(TestAdminMenu.java:33)

testSOWOpportunityDetails(pages.SOWDetails.TestSOWDetails)  Time elapsed: 3.015 sec  <<< FAILURE!
java.lang.NullPointerException
	at com.test.NIMS.locators.SOWDetailsPageLocators.getDatePickers(SOWDetailsPageLocators.java:112)
	at com.test.NIMS.pages.SOWDetailsPage.populateSOWOpportunityDetails(SOWDetailsPage.java:24)
	at pages.SOWDetails.TestSOWDetails.testSOWOpportunityDetails(TestSOWDetails.java:16)

testSOWDimensionDetails(pages.SOWDetails.TestSOWDetails)  Time elapsed: 3.015 sec  <<< FAILURE!
java.lang.NullPointerException
	at com.test.NIMS.pages.SOWDetailsPage.populateSOWDimensionDetails(SOWDetailsPage.java:56)
	at pages.SOWDetails.TestSOWDetails.testSOWDimensionDetails(TestSOWDetails.java:23)

testSOWDetails(pages.SOWDetails.TestSOWDetails)  Time elapsed: 3.014 sec  <<< FAILURE!
java.lang.NullPointerException
	at com.test.NIMS.pages.SOWDetailsPage.populateSOWDetails(SOWDetailsPage.java:76)
	at pages.SOWDetails.TestSOWDetails.testSOWDetails(TestSOWDetails.java:30)

testApprovals(pages.SOWDetails.TestSOWDetails)  Time elapsed: 3.015 sec  <<< FAILURE!
java.lang.NullPointerException
	at com.test.NIMS.pages.SOWDetailsPage.populateApprovals(SOWDetailsPage.java:213)
	at pages.SOWDetails.TestSOWDetails.testApprovals(TestSOWDetails.java:37)

testBillingClientInformation(pages.SOWDetails.TestSOWDetails)  Time elapsed: 3.003 sec  <<< FAILURE!
java.lang.NullPointerException
	at com.test.NIMS.pages.SOWDetailsPage.populateBillingInformationDetails(SOWDetailsPage.java:232)
	at pages.SOWDetails.TestSOWDetails.testBillingClientInformation(TestSOWDetails.java:44)

testProjectBillingInformation(pages.SOWDetails.TestSOWDetails)  Time elapsed: 3.001 sec  <<< FAILURE!
java.lang.NullPointerException
	at com.test.NIMS.pages.SOWDetailsPage.populateProjectInformationDetails(SOWDetailsPage.java:263)
	at pages.SOWDetails.TestSOWDetails.testProjectBillingInformation(TestSOWDetails.java:51)

testTeamSplit(pages.SOWDetails.TestSOWDetails)  Time elapsed: 3.002 sec  <<< FAILURE!
java.lang.NullPointerException
	at com.test.NIMS.pages.SOWDetailsPage.populateteamSplit(SOWDetailsPage.java:295)
	at pages.SOWDetails.TestSOWDetails.testTeamSplit(TestSOWDetails.java:59)

testSubmitSOW(pages.SOWDetails.TestSOWDetails)  Time elapsed: 3.006 sec  <<< FAILURE!
java.lang.NullPointerException
	at com.test.NIMS.pages.SOWDetailsPage.submit(SOWDetailsPage.java:396)
	at pages.SOWDetails.TestSOWDetails.testSubmitSOW(TestSOWDetails.java:69)

testSearchByCRMRefNo(pages.SOWDetails.TestSearchAndApproveSOWWorkHead)  Time elapsed: 3.002 sec  <<< FAILURE!
java.lang.NullPointerException
	at com.test.NIMS.pages.SearchSOWDetailsPage.searchByCRMRefNo(SearchSOWDetailsPage.java:24)
	at pages.SOWDetails.TestSearchAndApproveSOWWorkHead.testSearchByCRMRefNo(TestSearchAndApproveSOWWorkHead.java:11)

testApproveWorkhead(pages.SOWDetails.TestSearchAndApproveSOWWorkHead)  Time elapsed: 3.003 sec  <<< FAILURE!
java.lang.NullPointerException
	at com.test.NIMS.locators.SOWDetailsPageLocators.getDatePickers(SOWDetailsPageLocators.java:112)
	at com.test.NIMS.pages.SearchSOWDetailsPage.approveWorkHead(SearchSOWDetailsPage.java:131)
	at pages.SOWDetails.TestSearchAndApproveSOWWorkHead.testApproveWorkhead(TestSearchAndApproveSOWWorkHead.java:18)

