<?xml version="1.0" encoding="UTF-8" ?>
<testsuite tests="13" failures="13" name="TestSuite" time="40.577" errors="0" skipped="0">
  <properties>
    <property name="java.runtime.name" value="Java(TM) SE Runtime Environment"/>
    <property name="sun.boot.library.path" value="C:\Program Files\Java\jdk1.8.0_121\jre\bin"/>
    <property name="java.vm.version" value="25.121-b13"/>
    <property name="java.vm.vendor" value="Oracle Corporation"/>
    <property name="maven.multiModuleProjectDirectory" value="C:\Users\Vuyo\Desktop\AutomationNIMS"/>
    <property name="java.vendor.url" value="http://java.oracle.com/"/>
    <property name="path.separator" value=";"/>
    <property name="guice.disable.misplaced.annotation.check" value="true"/>
    <property name="java.vm.name" value="Java HotSpot(TM) 64-Bit Server VM"/>
    <property name="file.encoding.pkg" value="sun.io"/>
    <property name="user.script" value=""/>
    <property name="user.country" value="US"/>
    <property name="sun.java.launcher" value="SUN_STANDARD"/>
    <property name="sun.os.patch.level" value=""/>
    <property name="java.vm.specification.name" value="Java Virtual Machine Specification"/>
    <property name="user.dir" value="C:\Users\Vuyo\Desktop\AutomationNIMS"/>
    <property name="java.runtime.version" value="1.8.0_121-b13"/>
    <property name="java.awt.graphicsenv" value="sun.awt.Win32GraphicsEnvironment"/>
    <property name="java.endorsed.dirs" value="C:\Program Files\Java\jdk1.8.0_121\jre\lib\endorsed"/>
    <property name="os.arch" value="amd64"/>
    <property name="java.io.tmpdir" value="C:\Users\Vuyo\AppData\Local\Temp\"/>
    <property name="line.separator" value="
"/>
    <property name="java.vm.specification.vendor" value="Oracle Corporation"/>
    <property name="user.variant" value=""/>
    <property name="os.name" value="Windows 10"/>
    <property name="classworlds.conf" value="C:\Users\Vuyo\eclipse-workspace\.metadata\.plugins\org.eclipse.m2e.launching\launches\m2conf5613645785546873421.tmp"/>
    <property name="sun.jnu.encoding" value="Cp1252"/>
    <property name="java.library.path" value="C:\Program Files\Java\jdk1.8.0_121\bin;C:\WINDOWS\Sun\Java\bin;C:\WINDOWS\system32;C:\WINDOWS;C:/Program Files/Java/jre1.8.0_211/bin/server;C:/Program Files/Java/jre1.8.0_211/bin;C:/Program Files/Java/jre1.8.0_211/lib/amd64;C:\Program Files\Java\jdk1.8.0_201\bin\;C:\Users\Vuyo\AppData\Local\Android\Sdk;C:\Users\Vuyo\AppData\Local\Android\Sdk\platform-tools;C:\Users\Vuyo\AppData\Local\Android\Sdk\tools;C:\Users\Vuyo\AppData\Local\Android\Sdk\tools\bin;C:\Program Files\nodejs\;C:\Users\Vuyo\apache-maven-3.6.1\bin;C:\Program Files\Git\cmd;C:\Program Files\Intel\WiFi\bin\;C:\Program Files\Common Files\Intel\WirelessCommon\;C:\Users\Vuyo\AppData\Local\Microsoft\WindowsApps;C:\Users\Vuyo\AppData\Roaming\npm;C:\Users\Vuyo\Desktop;;."/>
    <property name="java.specification.name" value="Java Platform API Specification"/>
    <property name="java.class.version" value="52.0"/>
    <property name="sun.management.compiler" value="HotSpot 64-Bit Tiered Compilers"/>
    <property name="os.version" value="10.0"/>
    <property name="user.home" value="C:\Users\Vuyo"/>
    <property name="user.timezone" value="Asia/Calcutta"/>
    <property name="java.awt.printerjob" value="sun.awt.windows.WPrinterJob"/>
    <property name="java.specification.version" value="1.8"/>
    <property name="file.encoding" value="Cp1252"/>
    <property name="user.name" value="Vuyo"/>
    <property name="java.class.path" value="C:\Users\Vuyo\.p2\pool\plugins\org.eclipse.m2e.maven.runtime_1.11.0.20190220-2117\jars\plexus-classworlds-2.5.2.jar"/>
    <property name="java.vm.specification.version" value="1.8"/>
    <property name="sun.arch.data.model" value="64"/>
    <property name="java.home" value="C:\Program Files\Java\jdk1.8.0_121\jre"/>
    <property name="sun.java.command" value="org.codehaus.plexus.classworlds.launcher.Launcher -B package"/>
    <property name="java.specification.vendor" value="Oracle Corporation"/>
    <property name="user.language" value="en"/>
    <property name="awt.toolkit" value="sun.awt.windows.WToolkit"/>
    <property name="java.vm.info" value="mixed mode"/>
    <property name="java.version" value="1.8.0_121"/>
    <property name="java.ext.dirs" value="C:\Program Files\Java\jdk1.8.0_121\jre\lib\ext;C:\WINDOWS\Sun\Java\lib\ext"/>
    <property name="sun.boot.class.path" value="C:\Program Files\Java\jdk1.8.0_121\jre\lib\resources.jar;C:\Program Files\Java\jdk1.8.0_121\jre\lib\rt.jar;C:\Program Files\Java\jdk1.8.0_121\jre\lib\sunrsasign.jar;C:\Program Files\Java\jdk1.8.0_121\jre\lib\jsse.jar;C:\Program Files\Java\jdk1.8.0_121\jre\lib\jce.jar;C:\Program Files\Java\jdk1.8.0_121\jre\lib\charsets.jar;C:\Program Files\Java\jdk1.8.0_121\jre\lib\jfr.jar;C:\Program Files\Java\jdk1.8.0_121\jre\classes"/>
    <property name="java.vendor" value="Oracle Corporation"/>
    <property name="maven.home" value="C:\Users\Vuyo\Desktop\AutomationNIMS\EMBEDDED"/>
    <property name="file.separator" value="\"/>
    <property name="java.vendor.url.bug" value="http://bugreport.sun.com/bugreport/"/>
    <property name="sun.cpu.endian" value="little"/>
    <property name="sun.io.unicode.encoding" value="UnicodeLittle"/>
    <property name="sun.desktop" value="windows"/>
    <property name="sun.cpu.isalist" value="amd64"/>
  </properties>
  <testcase classname="pages.LoginAdmin.TestLoginAdmin" name="testLoginAdmin" time="4.44">
    <failure message="
Method public void pages.LoginAdmin.TestLoginAdmin.testLoginAdmin(java.lang.String,java.lang.String) throws java.lang.InterruptedException requires a @DataProvider named : loginData" type="org.testng.TestNGException">org.testng.TestNGException: 
Method public void pages.LoginAdmin.TestLoginAdmin.testLoginAdmin(java.lang.String,java.lang.String) throws java.lang.InterruptedException requires a @DataProvider named : loginData
	at org.testng.internal.Parameters.findDataProvider(Parameters.java:336)
	at org.testng.internal.Parameters.handleParameters(Parameters.java:498)
	at org.testng.internal.Invoker.handleParameters(Invoker.java:1293)
	at org.testng.internal.Invoker.createParameters(Invoker.java:1020)
	at org.testng.internal.Invoker.invokeTestMethods(Invoker.java:1110)
	at org.testng.internal.TestMethodWorker.invokeTestMethods(TestMethodWorker.java:129)
	at org.testng.internal.TestMethodWorker.run(TestMethodWorker.java:112)
	at org.testng.TestRunner.privateRun(TestRunner.java:756)
	at org.testng.TestRunner.run(TestRunner.java:610)
	at org.testng.SuiteRunner.runTest(SuiteRunner.java:387)
	at org.testng.SuiteRunner.runSequentially(SuiteRunner.java:382)
	at org.testng.SuiteRunner.privateRun(SuiteRunner.java:340)
	at org.testng.SuiteRunner.run(SuiteRunner.java:289)
	at org.testng.SuiteRunnerWorker.runSuite(SuiteRunnerWorker.java:52)
	at org.testng.SuiteRunnerWorker.run(SuiteRunnerWorker.java:86)
	at org.testng.TestNG.runSuitesSequentially(TestNG.java:1293)
	at org.testng.TestNG.runSuitesLocally(TestNG.java:1218)
	at org.testng.TestNG.runSuites(TestNG.java:1133)
	at org.testng.TestNG.run(TestNG.java:1104)
	at org.apache.maven.surefire.testng.TestNGExecutor.run(TestNGExecutor.java:77)
	at org.apache.maven.surefire.testng.TestNGDirectoryTestSuite.executeMulti(TestNGDirectoryTestSuite.java:159)
	at org.apache.maven.surefire.testng.TestNGDirectoryTestSuite.execute(TestNGDirectoryTestSuite.java:99)
	at org.apache.maven.surefire.testng.TestNGProvider.invoke(TestNGProvider.java:106)
	at sun.reflect.NativeMethodAccessorImpl.invoke0(Native Method)
	at sun.reflect.NativeMethodAccessorImpl.invoke(NativeMethodAccessorImpl.java:62)
	at sun.reflect.DelegatingMethodAccessorImpl.invoke(DelegatingMethodAccessorImpl.java:43)
	at java.lang.reflect.Method.invoke(Method.java:498)
	at org.apache.maven.surefire.util.ReflectionUtils.invokeMethodWithArray(ReflectionUtils.java:189)
	at org.apache.maven.surefire.booter.ProviderFactory$ProviderProxy.invoke(ProviderFactory.java:165)
	at org.apache.maven.surefire.booter.ProviderFactory.invokeProvider(ProviderFactory.java:85)
	at org.apache.maven.surefire.booter.ForkedBooter.runSuitesInProcess(ForkedBooter.java:115)
	at org.apache.maven.surefire.booter.ForkedBooter.main(ForkedBooter.java:75)
</failure>
    <system-out>Configuring TestNG with: org.apache.maven.surefire.testng.conf.TestNG652Configurator@6a6824be
</system-out>
    <system-err>[Error] org.testng.TestNGException: 
Method public void pages.LoginAdmin.TestLoginAdmin.testLoginAdmin(java.lang.String,java.lang.String) throws java.lang.InterruptedException requires a @DataProvider named : loginData
	at org.testng.internal.Parameters.findDataProvider(Parameters.java:336)
	at org.testng.internal.Parameters.handleParameters(Parameters.java:498)
	at org.testng.internal.Invoker.handleParameters(Invoker.java:1293)
	at org.testng.internal.Invoker.createParameters(Invoker.java:1020)
	at org.testng.internal.Invoker.invokeTestMethods(Invoker.java:1110)
	at org.testng.internal.TestMethodWorker.invokeTestMethods(TestMethodWorker.java:129)
	at org.testng.internal.TestMethodWorker.run(TestMethodWorker.java:112)
	at org.testng.TestRunner.privateRun(TestRunner.java:756)
	at org.testng.TestRunner.run(TestRunner.java:610)
	at org.testng.SuiteRunner.runTest(SuiteRunner.java:387)
	at org.testng.SuiteRunner.runSequentially(SuiteRunner.java:382)
	at org.testng.SuiteRunner.privateRun(SuiteRunner.java:340)
	at org.testng.SuiteRunner.run(SuiteRunner.java:289)
	at org.testng.SuiteRunnerWorker.runSuite(SuiteRunnerWorker.java:52)
	at org.testng.SuiteRunnerWorker.run(SuiteRunnerWorker.java:86)
	at org.testng.TestNG.runSuitesSequentially(TestNG.java:1293)
	at org.testng.TestNG.runSuitesLocally(TestNG.java:1218)
	at org.testng.TestNG.runSuites(TestNG.java:1133)
	at org.testng.TestNG.run(TestNG.java:1104)
	at org.apache.maven.surefire.testng.TestNGExecutor.run(TestNGExecutor.java:77)
	at org.apache.maven.surefire.testng.TestNGDirectoryTestSuite.executeMulti(TestNGDirectoryTestSuite.java:159)
	at org.apache.maven.surefire.testng.TestNGDirectoryTestSuite.execute(TestNGDirectoryTestSuite.java:99)
	at org.apache.maven.surefire.testng.TestNGProvider.invoke(TestNGProvider.java:106)
	at sun.reflect.NativeMethodAccessorImpl.invoke0(Native Method)
	at sun.reflect.NativeMethodAccessorImpl.invoke(NativeMethodAccessorImpl.java:62)
	at sun.reflect.DelegatingMethodAccessorImpl.invoke(DelegatingMethodAccessorImpl.java:43)
	at java.lang.reflect.Method.invoke(Method.java:498)
	at org.apache.maven.surefire.util.ReflectionUtils.invokeMethodWithArray(ReflectionUtils.java:189)
	at org.apache.maven.surefire.booter.ProviderFactory$ProviderProxy.invoke(ProviderFactory.java:165)
	at org.apache.maven.surefire.booter.ProviderFactory.invokeProvider(ProviderFactory.java:85)
	at org.apache.maven.surefire.booter.ForkedBooter.runSuitesInProcess(ForkedBooter.java:115)
	at org.apache.maven.surefire.booter.ForkedBooter.main(ForkedBooter.java:75)

</system-err>
  </testcase>
  <testcase classname="pages.AdminMainMenu.TestAdminMenu" name="testNavigateToMarketingAndSalesService" time="3.046">
    <failure type="java.lang.NullPointerException">java.lang.NullPointerException
	at com.test.NIMS.pages.AdminMainMenuPage.navigateToMarketingAndSales(AdminMainMenuPage.java:41)
	at pages.AdminMainMenu.TestAdminMenu.testNavigateToMarketingAndSalesService(TestAdminMenu.java:14)
</failure>
  </testcase>
  <testcase classname="pages.AdminMainMenu.TestAdminMenu" name="testClickOnCRMRefNr" time="3.015">
    <failure type="java.lang.NullPointerException">java.lang.NullPointerException
	at com.test.NIMS.pages.AdminMainMenuPage.clickOnCRFLink(AdminMainMenuPage.java:68)
	at pages.AdminMainMenu.TestAdminMenu.testClickOnCRMRefNr(TestAdminMenu.java:33)
</failure>
  </testcase>
  <testcase classname="pages.SOWDetails.TestSOWDetails" name="testSOWOpportunityDetails" time="3.015">
    <failure type="java.lang.NullPointerException">java.lang.NullPointerException
	at com.test.NIMS.locators.SOWDetailsPageLocators.getDatePickers(SOWDetailsPageLocators.java:112)
	at com.test.NIMS.pages.SOWDetailsPage.populateSOWOpportunityDetails(SOWDetailsPage.java:24)
	at pages.SOWDetails.TestSOWDetails.testSOWOpportunityDetails(TestSOWDetails.java:16)
</failure>
  </testcase>
  <testcase classname="pages.SOWDetails.TestSOWDetails" name="testSOWDimensionDetails" time="3.015">
    <failure type="java.lang.NullPointerException">java.lang.NullPointerException
	at com.test.NIMS.pages.SOWDetailsPage.populateSOWDimensionDetails(SOWDetailsPage.java:56)
	at pages.SOWDetails.TestSOWDetails.testSOWDimensionDetails(TestSOWDetails.java:23)
</failure>
  </testcase>
  <testcase classname="pages.SOWDetails.TestSOWDetails" name="testSOWDetails" time="3.014">
    <failure type="java.lang.NullPointerException">java.lang.NullPointerException
	at com.test.NIMS.pages.SOWDetailsPage.populateSOWDetails(SOWDetailsPage.java:76)
	at pages.SOWDetails.TestSOWDetails.testSOWDetails(TestSOWDetails.java:30)
</failure>
  </testcase>
  <testcase classname="pages.SOWDetails.TestSOWDetails" name="testApprovals" time="3.015">
    <failure type="java.lang.NullPointerException">java.lang.NullPointerException
	at com.test.NIMS.pages.SOWDetailsPage.populateApprovals(SOWDetailsPage.java:213)
	at pages.SOWDetails.TestSOWDetails.testApprovals(TestSOWDetails.java:37)
</failure>
  </testcase>
  <testcase classname="pages.SOWDetails.TestSOWDetails" name="testBillingClientInformation" time="3.003">
    <failure type="java.lang.NullPointerException">java.lang.NullPointerException
	at com.test.NIMS.pages.SOWDetailsPage.populateBillingInformationDetails(SOWDetailsPage.java:232)
	at pages.SOWDetails.TestSOWDetails.testBillingClientInformation(TestSOWDetails.java:44)
</failure>
  </testcase>
  <testcase classname="pages.SOWDetails.TestSOWDetails" name="testProjectBillingInformation" time="3.001">
    <failure type="java.lang.NullPointerException">java.lang.NullPointerException
	at com.test.NIMS.pages.SOWDetailsPage.populateProjectInformationDetails(SOWDetailsPage.java:263)
	at pages.SOWDetails.TestSOWDetails.testProjectBillingInformation(TestSOWDetails.java:51)
</failure>
  </testcase>
  <testcase classname="pages.SOWDetails.TestSOWDetails" name="testTeamSplit" time="3.002">
    <failure type="java.lang.NullPointerException">java.lang.NullPointerException
	at com.test.NIMS.pages.SOWDetailsPage.populateteamSplit(SOWDetailsPage.java:295)
	at pages.SOWDetails.TestSOWDetails.testTeamSplit(TestSOWDetails.java:59)
</failure>
  </testcase>
  <testcase classname="pages.SOWDetails.TestSOWDetails" name="testSubmitSOW" time="3.006">
    <failure type="java.lang.NullPointerException">java.lang.NullPointerException
	at com.test.NIMS.pages.SOWDetailsPage.submit(SOWDetailsPage.java:396)
	at pages.SOWDetails.TestSOWDetails.testSubmitSOW(TestSOWDetails.java:69)
</failure>
  </testcase>
  <testcase classname="pages.SOWDetails.TestSearchAndApproveSOWWorkHead" name="testSearchByCRMRefNo" time="3.002">
    <failure type="java.lang.NullPointerException">java.lang.NullPointerException
	at com.test.NIMS.pages.SearchSOWDetailsPage.searchByCRMRefNo(SearchSOWDetailsPage.java:24)
	at pages.SOWDetails.TestSearchAndApproveSOWWorkHead.testSearchByCRMRefNo(TestSearchAndApproveSOWWorkHead.java:11)
</failure>
  </testcase>
  <testcase classname="pages.SOWDetails.TestSearchAndApproveSOWWorkHead" name="testApproveWorkhead" time="3.003">
    <failure type="java.lang.NullPointerException">java.lang.NullPointerException
	at com.test.NIMS.locators.SOWDetailsPageLocators.getDatePickers(SOWDetailsPageLocators.java:112)
	at com.test.NIMS.pages.SearchSOWDetailsPage.approveWorkHead(SearchSOWDetailsPage.java:131)
	at pages.SOWDetails.TestSearchAndApproveSOWWorkHead.testApproveWorkhead(TestSearchAndApproveSOWWorkHead.java:18)
</failure>
  </testcase>
</testsuite>